Started by user [8mha:////4I3W9g+JqTn9eo/KVZiLlDLkXT8BJ4pC8+eY0jMzx500AAAAmh+LCAAAAAAAAP9b85aBtbiIQTGjNKU4P08vOT+vOD8nVc83PyU1x6OyILUoJzMv2y+/JJUBAhiZGBgqihhk0NSjKDWzXb3RdlLBUSYGJk8GtpzUvPSSDB8G5tKinBIGIZ+sxLJE/ZzEvHT94JKizLx0a6BxUmjGOUNodHsLgAyeEgY+/dLi1CL93LLS1LLi7EQAp840YsMAAAA=[0mMaja Vuevska
[Tue Mar 28 18:24:41 UTC 2023] Starting branch indexing...
[8mha:////4Iv2Bzb8TJUUrCp2k3suzva5ZvkGBzp0R0YtnK5Nu72zAAAAhB+LCAAAAAAAAP9b85aBtbiIwSa/KF0vKzUvOzOvODlTryCnNB3I0kvPLMkoTYpPKkrMS86IL84vLUpO1XPPLPEoTXLOzyvOz0n1yy9JZYAARiYGRi8GzpLM3NTiksTcgooiBqmM0pTi/Dy9ZIhiPayaGCoKgHS7ZrlgBgAWG9m+jgAAAA==[0mConnecting to https://api.github.com with no credentials, anonymous access
Examining [8mha:////4CxPXxRzMq2vqs1bvKJQdUoqZwk5NjiLlI4JN55trNShAAAAqR+LCAAAAAAAAP9b85aBtbiIQSajNKU4P08vOT+vOD8nVc+jsiC1KCczL9svvyTVzHb1RttJBUeZGJg8GdhyUvPSSzJ8GJhLi3JKGIR8shLLEvVzEvPS9YNLijLz0q0rihik0IxzhtAgwxgggJGJgaGiAMgQK2HQzCgpKSi20tdPzyzJKE0C6srVLytNLSvOTtRPSS3LLyjWzUrNy87MKwYAlfQvMq4AAAA=[0mvuevska/devops-jenkins

  Checking branches...

  Getting remote branches...

    Checking branch [8mha:////4A2oxDY1cs2VoEGA/Q/Mw1ZTeX6a2u5Wvyc/tHRwxFA3AAAAsR+LCAAAAAAAAP9djLENwjAQRY8gMgAlYgXiCgpQKhqQIhomMORkO3Fsyz5bYQ3WgIYhGIcdCErHa/5r/nt+YBY8LGWsgzXF1ZpgNRaHm0OvlWlPlnBTPl7l3b0zyI6QazSCZAXT6DXBvGp44kxzI9iZvDJi13tY/OX24/5iMDLJAHo3SE6wlkQubBkTimS8DK+OpYgptJzVmKwLqwZNq0xg5BFZxwOh/wLk1jy1ugAAAA==[0mmaster
      ‘Jenkinsfile’ found
    Met criteria
Changes detected: master (26be353aa50afb8195c3e388291f34b1fc67c73b → 0027468698e1cc2476fc398375dbf02e8f2cf7d3)
Scheduled build for branch: master

    Checking branch [8mha:////4NX1Y1cuCIb7sYYrMImgLnXmJvEMys0bHW6vJuGi/MF2AAAAsB+LCAAAAAAAAP9b85aBtbiIQSajNKU4P08vOT+vOD8nVc+jsiC1KCczL9svvyTVzHb1RttJBUeZGJg8GdhyUvPSSzJ8GJhLi3JKGIR8shLLEvVzEvPS9YNLijLz0q0rihik0IxzhtAgwxgggJGJgaGiAMhgLmEwyigpKSi20tdPzyzJKE0C6srVLytNLSvOTtRPSS3LLyjWzUrNy87MK9YvKUpNBYkBANEArRa3AAAA[0mdev
      ‘Jenkinsfile’ found
    Met criteria
Scheduled build for branch: dev

  2 branches were processed

  Checking pull-requests...

  Getting remote pull requests...

  0 pull requests were processed

Finished examining vuevska/devops-jenkins

[Tue Mar 28 18:24:42 UTC 2023] Finished branch indexing. Indexing took 1.5 sec
Finished: SUCCESS
