--- Copying files at Tue Mar 28 10:04:19 UTC 2023
INSTALLED plugins/jenkins-design-language.jpi : 1.27.3
INSTALLED plugins/pipeline-milestone-step.jpi : 111.v449306f708b_7
INSTALLED plugins/blueocean-github-pipeline.jpi : 1.27.3
INSTALLED plugins/snakeyaml-api.jpi : 1.33-95.va_b_a_e3e47b_fa_4
INSTALLED plugins/scm-api.jpi : 631.v9143df5b_e4a_a
INSTALLED plugins/instance-identity.jpi : 142.v04572ca_5b_265
INSTALLED plugins/authentication-tokens.jpi : 1.4
INSTALLED plugins/blueocean-commons.jpi : 1.27.3
INSTALLED plugins/ssh-credentials.jpi : 305.v8f4381501156
INSTALLED plugins/cloudbees-folder.jpi : 6.815.v0dd5a_cb_40e0e
INSTALLED plugins/jjwt-api.jpi : 0.11.5-77.v646c772fddb_0
INSTALLED plugins/blueocean-display-url.jpi : 2.4.1
INSTALLED plugins/commons-lang3-api.jpi : 3.12.0-36.vd97de6465d5b_
INSTALLED plugins/bouncycastle-api.jpi : 2.27
INSTALLED plugins/blueocean-web.jpi : 1.27.3
INSTALLED plugins/cloudbees-bitbucket-branch-source.jpi : 800.va_b_b_9a_a_5035c1
INSTALLED plugins/workflow-basic-steps.jpi : 1010.vf7a_b_98e847c1
INSTALLED plugins/structs.jpi : 324.va_f5d6774f3a_d
INSTALLED plugins/durable-task.jpi : 504.vb10d1ae5ba2f
INSTALLED plugins/workflow-durable-task-step.jpi : 1241.v1a_63e465f943
INSTALLED plugins/workflow-multibranch.jpi : 733.v109046189126
INSTALLED plugins/blueocean-events.jpi : 1.27.3
INSTALLED plugins/pipeline-graph-analysis.jpi : 202.va_d268e64deb_3
INSTALLED plugins/workflow-job.jpi : 1289.vd1c337fd5354
INSTALLED plugins/htmlpublisher.jpi : 1.31
INSTALLED plugins/mina-sshd-api-core.jpi : 2.9.2-62.v199162f0a_2f8
INSTALLED plugins/docker-commons.jpi : 419.v8e3cd84ef49c
INSTALLED plugins/javax-activation-api.jpi : 1.2.0-6
INSTALLED plugins/workflow-cps.jpi : 3651.ve2e99a_4f4a_e5
INSTALLED plugins/workflow-scm-step.jpi : 408.v7d5b_135a_b_d49
INSTALLED plugins/pipeline-input-step.jpi : 466.v6d0a_5df34f81
INSTALLED plugins/blueocean-pipeline-editor.jpi : 1.27.3
INSTALLED plugins/blueocean-rest.jpi : 1.27.3
INSTALLED plugins/script-security.jpi : 1229.v4880b_b_e905a_6
INSTALLED plugins/mina-sshd-api-common.jpi : 2.9.2-62.v199162f0a_2f8
INSTALLED plugins/blueocean-personalization.jpi : 1.27.3
INSTALLED plugins/blueocean-pipeline-scm-api.jpi : 1.27.3
INSTALLED plugins/workflow-api.jpi : 1208.v0cc7c6e0da_9e
INSTALLED plugins/pubsub-light.jpi : 1.17
INSTALLED plugins/credentials-binding.jpi : 523.vd859a_4b_122e6
INSTALLED plugins/checks-api.jpi : 2.0.0
INSTALLED plugins/junit.jpi : 1189.v1b_e593637fa_e
INSTALLED plugins/jakarta-mail-api.jpi : 2.0.1-3
INSTALLED plugins/github-api.jpi : 1.303-417.ve35d9dd78549
INSTALLED plugins/blueocean-rest-impl.jpi : 1.27.3
INSTALLED plugins/plain-credentials.jpi : 143.v1b_df8b_d3b_e48
INSTALLED plugins/trilead-api.jpi : 2.84.v72119de229b_7
INSTALLED plugins/jakarta-activation-api.jpi : 2.0.1-3
INSTALLED plugins/display-url-api.jpi : 2.3.7
INSTALLED plugins/blueocean-git-pipeline.jpi : 1.27.3
INSTALLED plugins/git.jpi : 5.0.0
INSTALLED plugins/pipeline-stage-tags-metadata.jpi : 2.2125.vddb_a_44a_d605e
INSTALLED plugins/git-client.jpi : 4.2.0
INSTALLED plugins/credentials.jpi : 1224.vc23ca_a_9a_2cb_0
INSTALLED plugins/github.jpi : 1.37.0
INSTALLED plugins/variant.jpi : 59.vf075fe829ccb
INSTALLED plugins/workflow-step-api.jpi : 639.v6eca_cd8c04a_a_
INSTALLED plugins/pipeline-model-definition.jpi : 2.2125.vddb_a_44a_d605e
INSTALLED plugins/branch-api.jpi : 2.1071.v1a_188a_562481
INSTALLED plugins/token-macro.jpi : 321.vd7cc1f2a_52c8
INSTALLED plugins/pipeline-model-api.jpi : 2.2125.vddb_a_44a_d605e
INSTALLED plugins/echarts-api.jpi : 5.4.0-3
INSTALLED plugins/caffeine-api.jpi : 2.9.3-65.v6a_47d0f4d1fe
INSTALLED plugins/blueocean-i18n.jpi : 1.27.3
INSTALLED plugins/workflow-support.jpi : 839.v35e2736cfd5c
INSTALLED plugins/github-branch-source.jpi : 1703.vd5a_2b_29c6cdc
INSTALLED plugins/sse-gateway.jpi : 1.26
INSTALLED plugins/jaxb.jpi : 2.3.8-1
INSTALLED plugins/blueocean-pipeline-api-impl.jpi : 1.27.3
INSTALLED plugins/blueocean-core-js.jpi : 1.27.3
INSTALLED plugins/favorite.jpi : 2.4.1
INSTALLED plugins/jquery3-api.jpi : 3.6.4-1
INSTALLED plugins/blueocean.jpi : 1.27.3
INSTALLED plugins/font-awesome-api.jpi : 6.3.0-2
INSTALLED plugins/docker-workflow.jpi : 563.vd5d2e5c4007f
INSTALLED plugins/bootstrap5-api.jpi : 5.2.2-2
INSTALLED plugins/plugin-util-api.jpi : 3.2.0
INSTALLED plugins/apache-httpcomponents-client-4-api.jpi : 4.5.14-150.v7a_b_9d17134a_5
INSTALLED plugins/jackson2-api.jpi : 2.14.2-319.v37853346a_229
INSTALLED plugins/blueocean-dashboard.jpi : 1.27.3
INSTALLED plugins/mailer.jpi : 448.v5b_97805e3767
INSTALLED plugins/blueocean-config.jpi : 1.27.3
INSTALLED plugins/matrix-project.jpi : 785.v06b_7f47b_c631
INSTALLED plugins/blueocean-jwt.jpi : 1.27.3
INSTALLED plugins/blueocean-bitbucket-pipeline.jpi : 1.27.3
INSTALLED plugins/pipeline-build-step.jpi : 487.va_823138eee8b_
INSTALLED plugins/pipeline-groovy-lib.jpi : 629.vb_5627b_ee2104
INSTALLED plugins/ionicons-api.jpi : 45.vf54fca_5d2154
INSTALLED plugins/handy-uri-templates-2-api.jpi : 2.1.8-22.v77d5b_75e6953
INSTALLED plugins/pipeline-stage-step.jpi : 305.ve96d0205c1c6
INSTALLED plugins/okhttp-api.jpi : 4.10.0-132.v7a_7b_91cef39c
INSTALLED plugins/commons-text-api.jpi : 1.10.0-36.vc008c8fcda_7b_
INSTALLED plugins/pipeline-model-extensions.jpi : 2.2125.vddb_a_44a_d605e
--- Copying files at Tue Mar 28 10:12:38 UTC 2023
--- Copying files at Tue Mar 28 19:39:25 UTC 2023
--- Copying files at Fri Mar 31 13:35:32 UTC 2023
