Started at Tue Mar 28 13:16:55 UTC 2023
Processing devops
Offering devops to Project Build Discarder
Processing devops-jenkins/master
Offering devops-jenkins/master to Project Build Discarder
Finished at Tue Mar 28 13:16:55 UTC 2023. 0ms
Started at Tue Mar 28 14:16:55 UTC 2023
Processing devops
Offering devops to Project Build Discarder
Processing devops-jenkins/master
Offering devops-jenkins/master to Project Build Discarder
Finished at Tue Mar 28 14:16:55 UTC 2023. 1ms
Started at Tue Mar 28 15:34:37 UTC 2023
Processing devops
Offering devops to Project Build Discarder
Processing devops-jenkins/master
Offering devops-jenkins/master to Project Build Discarder
Finished at Tue Mar 28 15:34:37 UTC 2023. 4ms
Started at Tue Mar 28 18:34:22 UTC 2023
Processing devops
Offering devops to Project Build Discarder
Processing devops-jenkins/dev
Offering devops-jenkins/dev to Project Build Discarder
Processing devops-jenkins/master
Offering devops-jenkins/master to Project Build Discarder
Finished at Tue Mar 28 18:34:22 UTC 2023. 2ms
